<?xml version="1.0" encoding="UTF-8"?>
<testsuite xmlns:xsi="http://www.w3.org/2001/XMLSchema-instance" xsi:noNamespaceSchemaLocation="https://maven.apache.org/surefire/maven-surefire-plugin/xsd/surefire-test-report.xsd" name="ProductManagerTest" time="0.057" tests="6" errors="0" skipped="0" failures="0">
  <properties>
[...]
</properties>
  <testcase name="shouldAdd" classname="ProductManagerTest" time="0.033"/>
  <testcase name="shouldRemoveById" classname="ProductManagerTest" time="0"/>
  <testcase name="shouldCalc" classname="ProductManagerTest" time="0.001"/>
  <testcase name="ShouldCal" classname="ProductManagerTest" time="0.004"/>
  <testcase name="shouldSearchByTextFault" classname="ProductManagerTest" time="0.001"/>
  <testcase name="shouldSearchByText" classname="ProductManagerTest" time="0"/>
</testsuite>